<?xml version="1.0" encoding="UTF-8"?>
<testng-results skipped="0" failed="0" total="1" passed="1">
  <reporter-output>
    <line>
      <![CDATA[Element is Not Displayed: //*[text()='Digital coverage index']]]>
    </line>
    <line>
      <![CDATA[Error screenshot saved in file: C:\root\community\optimizer/test-output/screenshots/2016-03-07-18-30-04-779-IST.png]]>
    </line>
    <line>
      <![CDATA[Optimizer is launched]]>
    </line>
    <line>
      <![CDATA[there are only 5 heroes on page]]>
    </line>
    <line>
      <![CDATA[there are 9 Devices on page]]>
    </line>
    <line>
      <![CDATA[Apple iPhone 6]]>
    </line>
    <line>
      <![CDATA[Apple iPhone 5S]]>
    </line>
    <line>
      <![CDATA[Apple iPhone 6 Plus]]>
    </line>
    <line>
      <![CDATA[Apple iPhone 6S]]>
    </line>
    <line>
      <![CDATA[Apple iPhone 6S Plus]]>
    </line>
    <line>
      <![CDATA[<br> <img src=C:\root\community\optimizer/test-output/screenshots/2016-03-07-18-30-34-077-IST.png style="max-width:50%;max-height:50%" /> <br>]]>
    </line>
  </reporter-output>
  <suite name="Suite" duration-ms="35548" started-at="2016-03-07T16:29:58Z" finished-at="2016-03-07T16:30:34Z">
    <groups>
    </groups>
    <test name="Test" duration-ms="35548" started-at="2016-03-07T16:29:58Z" finished-at="2016-03-07T16:30:34Z">
      <class name="testng.OptimizerMiniTest">
        <test-method status="PASS" signature="beforeClass(org.testng.ITestContext)[pri:0, instance:testng.OptimizerMiniTest@2c25fbd]" name="beforeClass" is-config="true" duration-ms="4" started-at="2016-03-07T18:29:59Z" finished-at="2016-03-07T18:29:59Z">
          <params>
            <param index="0">
              <value>
                <![CDATA[org.testng.TestRunner@31a264bb]]>
              </value>
            </param>
          </params>
          <reporter-output>
          </reporter-output>
        </test-method> <!-- beforeClass -->
        <test-method status="PASS" signature="beforeMethod(java.lang.reflect.Method)[pri:0, instance:testng.OptimizerMiniTest@2c25fbd]" name="beforeMethod" is-config="true" duration-ms="2370" started-at="2016-03-07T18:29:59Z" finished-at="2016-03-07T18:30:01Z">
          <params>
            <param index="0">
              <value>
                <![CDATA[public void testng.OptimizerMiniTest.optimizerMiniTest() throws java.io.IOException]]>
              </value>
            </param>
          </params>
          <reporter-output>
          </reporter-output>
        </test-method> <!-- beforeMethod -->
        <test-method status="PASS" signature="optimizerMiniTest()[pri:0, instance:testng.OptimizerMiniTest@2c25fbd]" name="optimizerMiniTest" duration-ms="32702" started-at="2016-03-07T18:30:01Z" finished-at="2016-03-07T18:30:34Z">
          <reporter-output>
            <line>
              <![CDATA[Element is Not Displayed: //*[text()='Digital coverage index']]]>
            </line>
            <line>
              <![CDATA[Error screenshot saved in file: C:\root\community\optimizer/test-output/screenshots/2016-03-07-18-30-04-779-IST.png]]>
            </line>
            <line>
              <![CDATA[Optimizer is launched]]>
            </line>
            <line>
              <![CDATA[there are only 5 heroes on page]]>
            </line>
            <line>
              <![CDATA[there are 9 Devices on page]]>
            </line>
            <line>
              <![CDATA[Apple iPhone 6]]>
            </line>
            <line>
              <![CDATA[Apple iPhone 5S]]>
            </line>
            <line>
              <![CDATA[Apple iPhone 6 Plus]]>
            </line>
            <line>
              <![CDATA[Apple iPhone 6S]]>
            </line>
            <line>
              <![CDATA[Apple iPhone 6S Plus]]>
            </line>
            <line>
              <![CDATA[<br> <img src=C:\root\community\optimizer/test-output/screenshots/2016-03-07-18-30-34-077-IST.png style="max-width:50%;max-height:50%" /> <br>]]>
            </line>
          </reporter-output>
        </test-method> <!-- optimizerMiniTest -->
        <test-method status="PASS" signature="afterClass()[pri:0, instance:testng.OptimizerMiniTest@2c25fbd]" name="afterClass" is-config="true" duration-ms="462" started-at="2016-03-07T18:30:34Z" finished-at="2016-03-07T18:30:34Z">
          <reporter-output>
          </reporter-output>
        </test-method> <!-- afterClass -->
      </class> <!-- testng.OptimizerMiniTest -->
    </test> <!-- Test -->
  </suite> <!-- Suite -->
</testng-results>
